Başlatılan: 30 Ocak 2017 Pazartesi @ 09:06:12
Adobe PostScript yazılım sürümü: 3018.101
CID support library initialization completed.
/BookAntiqua-Bold
/BookAntiqua-BoldItalic
/BookAntiqua-Italic
/ArialMT
/Arial-BoldMT
/Arial-BoldItalicMT
/Arial-ItalicMT
/ArialNarrow
/ArialNarrow-Bold
/ArialNarrow-BoldItalic
/ArialNarrow-Italic
/Arial-Black
/BookAntiqua
/BookmanOldStyle
/BookmanOldStyle-Bold
/BookmanOldStyle-BoldItalic
/BookmanOldStyle-Italic
/BookshelfSymbolSeven
/Calibri
/Calibri-Bold
/Calibri-Italic
/Calibri-Light
/Calibri-LightItalic
/Calibri-BoldItalic
/Cambria
/CambriaMath
/Cambria-Bold
/Cambria-Italic
/Cambria-BoldItalic
/Candara
/Candara-Bold
/Candara-Italic
/Candara-BoldItalic
/Century
/ComicSansMS
/ComicSansMS-Bold
/ComicSansMS-Italic
/ComicSansMS-BoldItalic
/Consolas
/Consolas-Bold
/Consolas-Italic
/Consolas-BoldItalic
/Constantia
/Constantia-Bold
/Constantia-Italic
/Constantia-BoldItalic
/Corbel
/Corbel-Bold
/Corbel-Italic
/Corbel-BoldItalic
/CourierNewPSMT
/CourierNewPS-BoldMT
/CourierNewPS-BoldItalicMT
/CourierNewPS-ItalicMT
/Ebrima
/Ebrima-Bold
/FranklinGothic-Medium
/FranklinGothic-MediumItalic
/Gabriola
/Gadugi
/Gadugi-Bold
/Garamond
/Garamond-Bold
/Garamond-Italic
/Georgia
/Georgia-Bold
/Georgia-Italic
/Georgia-BoldItalic
/MicrosoftHimalaya
/Impact
/JavaneseText
/LeelawadeeUI-Bold
/Leelawadee
/LeelawadeeBold
/Leelawadee-Bold
/LeelawadeeUI
/LeelawadeeUI-Semilight
/LucidaConsole
/LucidaSansUnicode
/MalgunGothic
/MalgunGothicBold
/MalgunGothic-Semilight
/Marlett
/MicrosoftSansSerif
/MingLiU-ExtB
/PMingLiU-ExtB
/Ming-Lt-HKSCS-ExtB
/MyanmarText
/MyanmarText-Bold
/MongolianBaiti
/MS-Gothic
/MS-UIGothic
/MS-PGothic
/MicrosoftJhengHeiRegular
/MicrosoftJhengHeiUIRegular
/MicrosoftJhengHeiBold
/MicrosoftJhengHeiUIBold
/MicrosoftJhengHeiLight
/MicrosoftJhengHeiUILight
/MicrosoftUighur-Bold
/MicrosoftUighur
/MicrosoftYaHei
/MicrosoftYaHeiUI
/MicrosoftYaHei-Bold
/MicrosoftYaHeiUI-Bold
/MicrosoftYaHeiLight
/MicrosoftYaHeiUILight
/Microsoft-Yi-Baiti
/MonotypeCorsiva
/MVBoli
/NirmalaUI
/NirmalaUI-Bold
/NirmalaUI-Semilight
/MicrosoftNewTaiLue
/MicrosoftNewTaiLue-Bold
/PalatinoLinotype-Roman
/PalatinoLinotype-Bold
/PalatinoLinotype-BoldItalic
/PalatinoLinotype-Italic
/MicrosoftPhagsPa
/MicrosoftPhagsPa-Bold
/MSReferenceSansSerif
/MSReferenceSpecialty
/SegoeMDL2Assets
/SegoePrint
/SegoePrint-Bold
/SegoeScript
/SegoeScript-Bold
/SegoeUI
/SegoeUI-Bold
/SegoeUI-Italic
/SegoeUI-Light
/SegoeUI-Semilight
/SegoeUI-BoldItalic
/SegoeUIBlack
/SegoeUIBlack-Italic
/SegoeUIEmoji
/SegoeUIHistoric
/SegoeUI-LightItalic
/SegoeUI-Semibold
/SegoeUI-SemiboldItalic
/SegoeUI-SemilightItalic
/SegoeUISymbol
/SimSun
/NSimSun
/SimSun-ExtB
/SitkaSmall
/SitkaText
/SitkaSubheading
/SitkaHeading
/SitkaDisplay
/SitkaBanner
/SitkaSmall-Bold
/SitkaText-Bold
/SitkaSubheading-Bold
/SitkaHeading-Bold
/SitkaDisplay-Bold
/SitkaBanner-Bold
/SitkaSmall-Italic
/SitkaText-Italic
/SitkaSubheading-Italic
/SitkaHeading-Italic
/SitkaDisplay-Italic
/SitkaBanner-Italic
/SitkaSmall-BoldItalic
/SitkaText-BoldItalic
/SitkaSubheading-BoldItalic
/SitkaHeading-BoldItalic
/SitkaDisplay-BoldItalic
/SitkaBanner-BoldItalic
/Sylfaen
/SymbolMT
/Tahoma
/Tahoma-Bold
/MicrosoftTaiLe
/MicrosoftTaiLe-Bold
/TimesNewRomanPSMT
/TimesNewRomanPS-BoldMT
/TimesNewRomanPS-BoldItalicMT
/TimesNewRomanPS-ItalicMT
/TrebuchetMS
/TrebuchetMS-Bold
/Trebuchet-BoldItalic
/TrebuchetMS-Italic
/Verdana
/Verdana-Bold
/Verdana-Italic
/Verdana-BoldItalic
/Webdings
/Wingdings-Regular
/Wingdings2
/Wingdings3
/YuGothic-Bold
/YuGothicUI-Bold
/YuGothicUI-Semibold
/YuGothic-Light
/YuGothicUI-Light
/YuGothic-Medium
/YuGothicUI-Regular
/YuGothic-Regular
/YuGothicUI-Semilight
/ZWAdobeF
/MT-Extra
/AdobeArabic-Bold
/AdobeArabic-BoldItalic
/AdobeArabic-Italic
/AdobeArabic-Regular
/AdobeHebrew-Bold
/AdobeHebrew-BoldItalic
/AdobeHebrew-Italic
/AdobeHebrew-Regular
/AdobePiStd
/AdobeThai-Bold
/AdobeThai-BoldItalic
/AdobeThai-Italic
/AdobeThai-Regular
/CourierStd-Bold
/CourierStd-BoldOblique
/CourierStd-Oblique
/CourierStd
/MinionPro-Bold
/MinionPro-BoldIt
/MinionPro-It
/MinionPro-Regular
/MyriadArabic-Bold
/MyriadArabic-BoldIt
/MyriadArabic-It
/MyriadArabic-Regular
/MyriadHebrew-Bold
/MyriadHebrew-BoldIt
/MyriadHebrew-It
/MyriadHebrew-Regular
/MyriadPro-Bold
/MyriadPro-BoldIt
/MyriadPro-It
/MyriadPro-Regular
/Symbol
/AdobeSansMM
/AdobeSerifMM
/Courier-BoldOblique
/Courier-Bold
/Courier
/Courier-Oblique
/AppleGothic
/AppleMyungjo
/Beijing
/DFKaiShu-SB-Estd-BF
/FutoGoB101-Bold
/FutoMinA101-Bold
/GothicBBB-Medium
/GothicMB101-Bold
/GothicMB101-hea
/GothicMB101-Ult
/HeiseiKakuGo-W3
/HeiseiKakuGo-W5
/HeiseiKakuGo-W7
/HeiseiKakuGo-W9
/HeiseiMaruGo-W4
/HeiseiMin-W3
/HeiseiMin-W3H
/HeiseiMin-W5
/HeiseiMin-W7
/HeiseiMin-W9
/HonMincho-M
/HYGoThic-Medium
/HYGungSo-Bold
/HYKHeadLine-Bold
/HYKHeadLine-Medium
/HYRGoThic-Medium
/HYSMyeongJo-Medium
/JCfg
/JCkg
/Jun101-Light
/Jun34-Medium
/Jun501-Bold
/KozMin-Bold
/KozMin-ExtraLight
/KozMin-Heavy
/KozMin-Light
/KozMin-Medium
/KozMin-Regular
/KyokaICA-Light
/KyokaICA-Medium
/KyokaICA-regular
/LiGothicMed
/LiSungLight
/LogoArl-Bold
/LogoArl-Light
/LogoArl-Medium
/LogoArl-Ultra
/LogoCut-Bold
/LogoCut-Light
/LogoCut-Medium
/LogoCut-Ultra
/LogoLine-Bold
/LogoLine-Light
/LogoLine-Medium
/LogoLine-Ultra
/MaruGothic-M
/MHei-Medium
/MidashiGo-MB31
/MidashiMin-MA31
/MKai-Medium
/MSung-Light
/MSung-Medium
/Munhwa-Regular
/MunhwaGothic-Regular
/Osaka
/Osaka-Mono
/Ryumin-Bold
/Ryumin-heavy
/Ryumin-Light
/Ryumin-Medium
/Ryumin-regular
/Ryumin-Ultra
/Seoul
/ShinGo-Bold
/ShinGo-Light
/ShinGo-Medium
/ShinGo-regular
/ShinGo-Ultra
/ShinseiKai-CBSK1
/SIL-FangSong-
/SIL-FangSong-Reg-Jian
/SIL-Hei-Med-Jian
/SIL-Kai-
/SIL-Kai-Reg-Jian
/SIL-Song-Reg-Jian
/SMGothic-Bold
/SMGothic-DemiBold
/SMGothic-Light
/SMGothic-Medium
/SMMyungjo-Bold
/SMMyungjo-DemiBold
/SMMyungjo-Light
/SMMyungjo-Medium
/STFangsong-Light
/STHeiti-Regular
/STKaiti-Regular
/STSong-Light
/Taipei
/TBKomachiG-B
/TBKomachiG-DB
/TBKomachiG-E
/TBKomachiG-hv
/TBKomachiG-M
/TBKomachiG-R
/TBKomachiM-DE
/TBKomachiM-E
/TBKomachiM-hv
/TBKomachiM-M
/TBKomachiRG-R
/TBKoudoukenG-B
/TBKoudoukenG-DB
/TBKoudoukenG-E
/TBKoudoukenG-hv
/TBKoudoukenG-M
/TBKoudoukenG-R
/TBKoudoukenM-DE
/TBKoudoukenM-E
/TBKoudoukenM-hv
/TBKoudoukenM-M
/TBKoudoukenRG-R
/TBRyokanG-B
/TBRyokanG-DB
/TBRyokanG-E
/TBRyokanG-hv
/TBRyokanG-M
/TBRyokanG-R
/TBRyokanM-DE
/TBRyokanM-E
/TBRyokanM-hv
/TBRyokanM-M
/TBRyokanRG-R
/TBTsukijiG-B
/TBTsukijiG-DB
/TBTsukijiG-E
/TBTsukijiG-hv
/TBTsukijiG-M
/TBTsukijiG-R
/TBTsukijiM-DE
/TBTsukijiM-E
/TBTsukijiM-hv
/TBTsukijiM-M
/TBTsukijiRG-R
/TBYukinariG-B
/TBYukinariG-DB
/TBYukinariG-E
/TBYukinariG-hv
/TBYukinariG-M
/TBYukinariG-R
/TBYukinariM-DE
/TBYukinariM-E
/TBYukinariM-hv
/TBYukinariM-M
/TBYukinariRG-R
/TypeBankG-b
/TypeBankG-db
/TypeBankG-e
/TypeBankG-hv
/TypeBankG-m
/TypeBankG-r
/TypeBankM-de
/TypeBankM-e
/TypeBankM-hv
/TypeBankM-m
/TypeBankMaruG-r
/CGBM-PropRoman
/ChuGothicBBB-Medium-PropRoman
/FutoMinA101-Bold-PropRoman
/HeiseiKakuGothic-W5-PropRoman
/HeiseiMincho-W3-PropRoman
/HonMincho-M-PropRoman
/HYFix
/JL-PropRoman
/Jun101-Light-PropRoman
/MaruGothic-M-PropRoman
/MidashiMin-MA31-PropRoman
/Mincho-PC-Hiragana
/Mincho-PC-Katakana
/MMMA-PropRoman
/NotDefFont
/Osaka-MonoRoman
/Osaka-PropRoman
/RLKL-PropRoman
/Ryumin-Light-KL-PropRoman
/SMFix

Başlatılan: 30 Ocak 2017 Pazartesi @ 10:25:13

Adobe PostScript yazılım sürümü: 3018.101
CID support library initialization completed.

Başlangıç Saati: 30 Ocak 2017 Pazartesi @ 10:25:14
Kaynak: PMtoDistiller_ID_4:RANDEVU PORTAL
Hedef: C:\Users\TORNADO\Desktop\RANDEVU PORTAL.pdf
Adobe PDF Ayarları: C:\ProgramData\Adobe\Adobe PDF\Settings\Standard.joboptions
C:\Users\TORNADO\Desktop\RANDEVU PORTAL.log
%%[ ProductName: Distiller ]%%
%%[Page: 1]%%
%%[LastPage]%%
İşleme Süresi: 00 Saat : 00 Dakika : 00.922 Saniye
**** İş Sonu ****


Başlatılan: 30 Ocak 2017 Pazartesi @ 10:34:48

Adobe PostScript yazılım sürümü: 3018.101
CID support library initialization completed.

Başlatılan: 30 Ocak 2017 Pazartesi @ 19:21:02

Adobe PostScript yazılım sürümü: 3018.101
CID support library initialization completed.

Başlatılan: 31 Ocak 2017 Salı @ 08:43:20

Adobe PostScript yazılım sürümü: 3018.101
CID support library initialization completed.

Başlatılan: 15 Şubat 2017 Çarşamba @ 16:03:03

Adobe PostScript yazılım sürümü: 3018.101
CID support library initialization completed.

Başlangıç Saati: 15 Şubat 2017 Çarşamba @ 16:03:05
Kaynak: PMtoDistiller_ID_2:KONTUR TURIZM Bilet Yazdır
Hedef: C:\Users\TORNADO\Desktop\KONTUR TURIZM Bilet Yazdır.pdf
Adobe PDF Ayarları: C:\ProgramData\Adobe\Adobe PDF\Settings\Standard.joboptions
C:\Users\TORNADO\Desktop\KONTUR TURIZM Bilet Yazdır.log
%%[ ProductName: Distiller ]%%
%%[Page: 1]%%
%%[LastPage]%%
İşleme Süresi: 00 Saat : 00 Dakika : 00.609 Saniye
**** İş Sonu ****


Başlatılan: 15 Şubat 2017 Çarşamba @ 16:12:40

Adobe PostScript yazılım sürümü: 3018.101
CID support library initialization completed.

Başlatılan: 7 Nisan 2017 Cuma @ 15:52:38

Adobe PostScript yazılım sürümü: 3018.101
CID support library initialization completed.

Başlangıç Saati: 7 Nisan 2017 Cuma @ 15:52:39
Kaynak: PMtoDistiller_ID_2:basvuru.gsb.gov.tr/(S(0b1k2j3g3jaisoiir...D=616d9ae9-e6b5-4cd5-8ec7-cc2ed1af8202
Hedef: C:\Users\TORNADO\Desktop\(S(0b1k2j3g3jaisoiir...pdf
Adobe PDF Ayarları: C:\ProgramData\Adobe\Adobe PDF\Settings\Standard.joboptions
C:\Users\TORNADO\Desktop\(S(0b1k2j3g3jaisoiir...log
%%[ ProductName: Distiller ]%%
%%[Page: 1]%%
%%[Page: 2]%%
%%[LastPage]%%
İşleme Süresi: 00 Saat : 00 Dakika : 01.47 Saniye
**** İş Sonu ****


Başlatılan: 7 Nisan 2017 Cuma @ 16:02:34

Adobe PostScript yazılım sürümü: 3018.101
CID support library initialization completed.

Başlatılan: 7 Mayıs 2017 Pazar @ 23:43:38

Adobe PostScript yazılım sürümü: 3018.101
CID support library initialization completed.

Başlangıç Saati: 7 Mayıs 2017 Pazar @ 23:43:39
Kaynak: PMtoDistiller_ID_2:Microsoft Word - TASLAK - Kopya.docx
Hedef: C:\Users\TORNADO\Desktop\TASLAK - Kopya.pdf
Adobe PDF Ayarları: C:\ProgramData\Adobe\Adobe PDF\Settings\Standard.joboptions
C:\Users\TORNADO\Desktop\TASLAK - Kopya.log
%%[ ProductName: Distiller ]%%
%%[Page: 1]%%
%%[LastPage]%%
İşleme Süresi: 00 Saat : 00 Dakika : 05.32 Saniye
**** İş Sonu ****


Başlatılan: 7 Mayıs 2017 Pazar @ 23:53:32

Adobe PostScript yazılım sürümü: 3018.101
CID support library initialization completed.

Başlatılan: 16 Mayıs 2017 Salı @ 13:54:48

Adobe PostScript yazılım sürümü: 3018.101
CID support library initialization completed.
PDFX4 2008.joboptions içinde Adobe PDF Ayarları dosyasını okuma hatası:
/CheckCompliance out of range

Başlatılan: 11 Haziran 2017 Pazar @ 14:43:53

Adobe PostScript yazılım sürümü: 3018.101
CID support library initialization completed.

Başlangıç Saati: 11 Haziran 2017 Pazar @ 14:43:54
Kaynak: PMtoDistiller_ID_2:Microsoft Word - 141213090_ILHANSAGLIK_TEZ.docx
Hedef: C:\Users\TORNADO\Desktop\141213090_ILHANSAGLIK_TEZ.pdf
Adobe PDF Ayarları: C:\ProgramData\Adobe\Adobe PDF\Settings\Standard.joboptions
C:\Users\TORNADO\Desktop\141213090_ILHANSAGLIK_TEZ.log
%%[ ProductName: Distiller ]%%
%%[Page: 1]%%
%%[LastPage]%%
İşleme Süresi: 00 Saat : 00 Dakika : 01.468 Saniye
**** İş Sonu ****


Başlatılan: 11 Haziran 2017 Pazar @ 15:56:43

Adobe PostScript yazılım sürümü: 3018.101
CID support library initialization completed.

Başlatılan: 19 Temmuz 2017 Çarşamba @ 09:09:30

Adobe PostScript yazılım sürümü: 3018.101
CID support library initialization completed.

Başlangıç Saati: 19 Temmuz 2017 Çarşamba @ 09:09:32
Kaynak: PMtoDistiller_ID_2:ÖSYM Sonuç Açıklama Sistemi
Hedef: C:\Users\TORNADO\Desktop\ÖSYM Sonuç Açıklama Sistemi.pdf
Adobe PDF Ayarları: C:\ProgramData\Adobe\Adobe PDF\Settings\Standard.joboptions
C:\Users\TORNADO\Desktop\ÖSYM Sonuç Açıklama Sistemi.log
%%[ ProductName: Distiller ]%%
%%[Page: 1]%%
%%[LastPage]%%
İşleme Süresi: 00 Saat : 00 Dakika : 01.797 Saniye
**** İş Sonu ****


Başlatılan: 19 Temmuz 2017 Çarşamba @ 09:19:25

Adobe PostScript yazılım sürümü: 3018.101
CID support library initialization completed.
